<?xml version="1.0" encoding="UTF-8"?>
<!-- Generated by org.testng.reporters.JUnitXMLReporter -->
<testsuite ignored="0" hostname="Ethereal" failures="2" tests="16" name="Login Test" time="100.593" errors="0" timestamp="2026-09-20T23:09:20 NPT">
  <testcase classname="AutomationExam.CartCases.TestCases.CartAutomation" name="emptyCartCheckOut" time="10.44">
    <failure type="java.lang.AssertionError" message="did not expect [Checkout: Your Information] but found [Checkout: Your Information]">
      <![CDATA[java.lang.AssertionError: did not expect [Checkout: Your Information] but found [Checkout: Your Information]
at AutomationExam.CartCases.Pages.CartPage.validateCheckOutHeroText(CartPage.java:96)
at AutomationExam.CartCases.TestCases.CartAutomation.emptyCartCheckOut(CartAutomation.java:134)
at java.base/java.util.ArrayList.forEach(ArrayList.java:1596)
... Removed 34 stack frames]]>
    </failure>
  </testcase> <!-- emptyCartCheckOut -->
  <testcase classname="AutomationExam.CartCases.TestCases.CartAutomation" name="productTitleBtnCheck" time="10.888"/>
  <testcase classname="AutomationExam.CartCases.TestCases.CartAutomation" name="removeButtonCheck" time="31.037"/>
  <testcase classname="AutomationExam.CartCases.TestCases.CartAutomation" name="testCheckoutFeature" time="0.006">
    <failure type="org.openqa.selenium.NoSuchWindowException" message="no such window: target window already closed
from unknown error: web view not found
  (Session info: chrome=152.0.7977.82)
Build info: version: &amp;apos;4.47.0&amp;apos;, revision: &amp;apos;9175ed9 9175ed94d83e87cc3abeb7c9fd91367d17849d35&amp;apos;
System info: os.name: &amp;apos;Linux&amp;apos;, os.arch: &amp;apos;amd64&amp;apos;, os.version: &amp;apos;6.12.107+deb13-amd64&amp;apos;, java.version: &amp;apos;21.0.12.1&amp;apos;
Driver info: org.openqa.selenium.chrome.ChromeDriver
Command: [aa941c13a1301580d538dc232f7da2f9, findElement {value=user-name, using=id}]
Capabilities {acceptInsecureCerts: false, browserName: chrome, browserVersion: 152.0.7977.82, chrome: {chromedriverVersion: 152.0.7977.82 (d04cdb24d67b..., userDataDir: /tmp/org.chromium.Chromium....}, fedcm:accounts: true, goog:chromeOptions: {debuggerAddress: localhost:34409}, goog:processID: 371595, networkConnectionEnabled: false, pageLoadStrategy: normal, platformName: linux, proxy: Proxy(), se:cdp: ws://localhost:34409/devtoo..., se:cdpVersion: 152.0.7977.82, setWindowRect: true, strictFileInteractability: false, timeouts: {implicit: 0, pageLoad: 300000, script: 30000}, unhandledPromptBehavior: dismiss and notify, webauthn:extension:credBlob: true, webauthn:extension:largeBlob: true, webauthn:extension:minPinLength: true, webauthn:extension:prf: true, webauthn:virtualAuthenticators: true}
Session ID: aa941c13a1301580d538dc232f7da2f9">
      <![CDATA[org.openqa.selenium.NoSuchWindowException: no such window: target window already closed
from unknown error: web view not found
  (Session info: chrome=152.0.7977.82)
Build info: version: '4.47.0', revision: '9175ed9 9175ed94d83e87cc3abeb7c9fd91367d17849d35'
System info: os.name: 'Linux', os.arch: 'amd64', os.version: '6.12.107+deb13-amd64', java.version: '21.0.12.1'
Driver info: org.openqa.selenium.chrome.ChromeDriver
Command: [aa941c13a1301580d538dc232f7da2f9, findElement {value=user-name, using=id}]
Capabilities {acceptInsecureCerts: false, browserName: chrome, browserVersion: 152.0.7977.82, chrome: {chromedriverVersion: 152.0.7977.82 (d04cdb24d67b..., userDataDir: /tmp/org.chromium.Chromium....}, fedcm:accounts: true, goog:chromeOptions: {debuggerAddress: localhost:34409}, goog:processID: 371595, networkConnectionEnabled: false, pageLoadStrategy: normal, platformName: linux, proxy: Proxy(), se:cdp: ws://localhost:34409/devtoo..., se:cdpVersion: 152.0.7977.82, setWindowRect: true, strictFileInteractability: false, timeouts: {implicit: 0, pageLoad: 300000, script: 30000}, unhandledPromptBehavior: dismiss and notify, webauthn:extension:credBlob: true, webauthn:extension:largeBlob: true, webauthn:extension:minPinLength: true, webauthn:extension:prf: true, webauthn:virtualAuthenticators: true}
Session ID: aa941c13a1301580d538dc232f7da2f9
at org.openqa.selenium.remote.ErrorCodec.decode(ErrorCodec.java:169)
at org.openqa.selenium.remote.codec.w3c.W3CHttpResponseCodec.decode(W3CHttpResponseCodec.java:143)
at org.openqa.selenium.remote.codec.w3c.W3CHttpResponseCodec.decode(W3CHttpResponseCodec.java:50)
at org.openqa.selenium.remote.HttpCommandExecutor.execute(HttpCommandExecutor.java:196)
at org.openqa.selenium.remote.service.DriverCommandExecutor.invokeExecute(DriverCommandExecutor.java:217)
at org.openqa.selenium.remote.service.DriverCommandExecutor.execute(DriverCommandExecutor.java:175)
at org.openqa.selenium.remote.RemoteWebDriver.execute(RemoteWebDriver.java:653)
at org.openqa.selenium.remote.ElementLocation$ElementFinder$2.findElement(ElementLocation.java:173)
at org.openqa.selenium.remote.ElementLocation.findElement(ElementLocation.java:67)
at org.openqa.selenium.remote.RemoteWebDriver.findElement(RemoteWebDriver.java:417)
at org.openqa.selenium.remote.RemoteWebDriver.findElement(RemoteWebDriver.java:411)
at AutomationExam.CartCases.Pages.LoginPage.login(LoginPage.java:20)
at AutomationExam.CartCases.TestCases.CartAutomation.navigateToCartAndValidate(CartAutomation.java:32)
at AutomationExam.CartCases.TestCases.CartAutomation.testCheckoutFeature(CartAutomation.java:55)
at java.base/java.util.ArrayList.forEach(ArrayList.java:1596)
... Removed 29 stack frames]]>
    </failure>
  </testcase> <!-- testCheckoutFeature -->
  <testcase classname="AutomationExam.CartCases.TestCases.CartAutomation" name="testContinueShoppingBtn" time="0.429"/>
  <testcase classname="AutomationExam.CartCases.TestCases.CartAutomation" name="validateLoginAndCartHeroText" time="0.881"/>
  <testcase classname="AutomationExam.CartCases.TestCases.CartAutomation" name="verifyCorrectProductsAppearInCart" time="20.879"/>
  <testcase classname="AutomationExam.LoginCases.TestCases.LoginTestCases" name="ValidUsernameValidPassword" time="0.375"/>
  <testcase classname="AutomationExam.LoginCases.TestCases.LoginTestCases" name="ValidUsernameInvalidPassword" time="0.271"/>
  <testcase classname="AutomationExam.LoginCases.TestCases.LoginTestCases" name="ValidUsernameEmptyPassword" time="0.156"/>
  <testcase classname="AutomationExam.LoginCases.TestCases.LoginTestCases" name="InvalidUsernameValidPassword" time="0.193"/>
  <testcase classname="AutomationExam.LoginCases.TestCases.LoginTestCases" name="InvalidUsernameInvalidPassword" time="0.202"/>
  <testcase classname="AutomationExam.LoginCases.TestCases.LoginTestCases" name="InvalidUsernameEmptyPassword" time="0.153"/>
  <testcase classname="AutomationExam.LoginCases.TestCases.LoginTestCases" name="EmptyUsernameValidPassword" time="0.153"/>
  <testcase classname="AutomationExam.LoginCases.TestCases.LoginTestCases" name="EmptyUsernameInvalidPassword" time="0.164"/>
  <testcase classname="AutomationExam.LoginCases.TestCases.LoginTestCases" name="EmptyUsernameEmptyPassword" time="0.097"/>
</testsuite> <!-- Login Test -->
