<?xml version="1.0" encoding="UTF-8"?>
<!-- Generated by org.testng.reporters.JUnitXMLReporter -->
<testsuite ignored="0" hostname="Ethereal" failures="0" tests="11" name="Login Test" time="15.875" errors="0" timestamp="2026-09-10T09:27:14 NPT">
  <testcase classname="AutomationExam.TestCases.LoginTestCases" name="ValidUsernameValidPassword" time="0.245"/>
  <testcase classname="AutomationExam.TestCases.LoginTestCases" name="ValidUsernameInvalidPassword" time="0.21"/>
  <testcase classname="AutomationExam.TestCases.LoginTestCases" name="ValidUsernameEmptyPassword" time="0.154"/>
  <testcase classname="AutomationExam.TestCases.LoginTestCases" name="InvalidUsernameValidPassword" time="0.2"/>
  <testcase classname="AutomationExam.TestCases.LoginTestCases" name="InvalidUsernameInvalidPassword" time="0.193"/>
  <testcase classname="AutomationExam.TestCases.LoginTestCases" name="InvalidUsernameEmptyPassword" time="0.15"/>
  <testcase classname="AutomationExam.TestCases.LoginTestCases" name="EmptyUsernameValidPassword" time="0.152"/>
  <testcase classname="AutomationExam.TestCases.LoginTestCases" name="EmptyUsernameInvalidPassword" time="0.153"/>
  <testcase classname="AutomationExam.TestCases.LoginTestCases" name="EmptyUsernameEmptyPassword" time="0.096"/>
  <testcase classname="AutomationExam.TestCases.CartTestCases" name="cartItemIncreaseTest" time="0.273"/>
  <testcase classname="AutomationExam.TestCases.CartTestCases" name="cartItemDecreaseTest" time="0.311"/>
</testsuite> <!-- Login Test -->
