<?xml version="1.0" encoding="UTF-8"?>
<testsuite xmlns:xsi="http://www.w3.org/2001/XMLSchema-instance" xsi:noNamespaceSchemaLocation="https://maven.apache.org/surefire/maven-surefire-plugin/xsd/surefire-test-report-3.0.xsd" version="3.0" name="TestSuite" time="16.263" tests="11" errors="0" skipped="0" failures="0">
  <properties>
[...]
</properties>
  <testcase name="ValidUsernameValidPassword" classname="AutomationExam.TestCases.LoginTestCases" time="0.245">
    <system-err><![CDATA[SLF4J(W): No SLF4J providers were found.
SLF4J(W): Defaulting to no-operation (NOP) logger implementation
SLF4J(W): See https://www.slf4j.org/codes.html#noProviders for further details.
Sept 10, 2026 9:26:59 AM org.openqa.selenium.devtools.CdpVersionFinder findNearestMatch
WARNING: Unable to find an exact match for CDP version 152, returning the closest version; found: 151; Please update to a Selenium version that supports CDP version 152
]]></system-err>
  </testcase>
  <testcase name="ValidUsernameInvalidPassword" classname="AutomationExam.TestCases.LoginTestCases" time="0.221">
    <system-err><![CDATA[Sept 10, 2026 9:27:01 AM org.openqa.selenium.devtools.CdpVersionFinder findNearestMatch
WARNING: Unable to find an exact match for CDP version 152, returning the closest version; found: 151; Please update to a Selenium version that supports CDP version 152
]]></system-err>
  </testcase>
  <testcase name="ValidUsernameEmptyPassword" classname="AutomationExam.TestCases.LoginTestCases" time="0.153">
    <system-err><![CDATA[Sept 10, 2026 9:27:02 AM org.openqa.selenium.devtools.CdpVersionFinder findNearestMatch
WARNING: Unable to find an exact match for CDP version 152, returning the closest version; found: 151; Please update to a Selenium version that supports CDP version 152
]]></system-err>
  </testcase>
  <testcase name="InvalidUsernameValidPassword" classname="AutomationExam.TestCases.LoginTestCases" time="0.199">
    <system-err><![CDATA[Sept 10, 2026 9:27:03 AM org.openqa.selenium.devtools.CdpVersionFinder findNearestMatch
WARNING: Unable to find an exact match for CDP version 152, returning the closest version; found: 151; Please update to a Selenium version that supports CDP version 152
]]></system-err>
  </testcase>
  <testcase name="InvalidUsernameInvalidPassword" classname="AutomationExam.TestCases.LoginTestCases" time="0.193">
    <system-err><![CDATA[Sept 10, 2026 9:27:05 AM org.openqa.selenium.devtools.CdpVersionFinder findNearestMatch
WARNING: Unable to find an exact match for CDP version 152, returning the closest version; found: 151; Please update to a Selenium version that supports CDP version 152
]]></system-err>
  </testcase>
  <testcase name="InvalidUsernameEmptyPassword" classname="AutomationExam.TestCases.LoginTestCases" time="0.151">
    <system-err><![CDATA[Sept 10, 2026 9:27:06 AM org.openqa.selenium.devtools.CdpVersionFinder findNearestMatch
WARNING: Unable to find an exact match for CDP version 152, returning the closest version; found: 151; Please update to a Selenium version that supports CDP version 152
]]></system-err>
  </testcase>
  <testcase name="EmptyUsernameValidPassword" classname="AutomationExam.TestCases.LoginTestCases" time="0.152">
    <system-err><![CDATA[Sept 10, 2026 9:27:08 AM org.openqa.selenium.devtools.CdpVersionFinder findNearestMatch
WARNING: Unable to find an exact match for CDP version 152, returning the closest version; found: 151; Please update to a Selenium version that supports CDP version 152
]]></system-err>
  </testcase>
  <testcase name="EmptyUsernameInvalidPassword" classname="AutomationExam.TestCases.LoginTestCases" time="0.153">
    <system-err><![CDATA[Sept 10, 2026 9:27:09 AM org.openqa.selenium.devtools.CdpVersionFinder findNearestMatch
WARNING: Unable to find an exact match for CDP version 152, returning the closest version; found: 151; Please update to a Selenium version that supports CDP version 152
]]></system-err>
  </testcase>
  <testcase name="EmptyUsernameEmptyPassword" classname="AutomationExam.TestCases.LoginTestCases" time="0.097">
    <system-err><![CDATA[Sept 10, 2026 9:27:10 AM org.openqa.selenium.devtools.CdpVersionFinder findNearestMatch
WARNING: Unable to find an exact match for CDP version 152, returning the closest version; found: 151; Please update to a Selenium version that supports CDP version 152
]]></system-err>
  </testcase>
  <testcase name="cartItemIncreaseTest" classname="AutomationExam.TestCases.CartTestCases" time="0.272">
    <system-err><![CDATA[Sept 10, 2026 9:27:12 AM org.openqa.selenium.devtools.CdpVersionFinder findNearestMatch
WARNING: Unable to find an exact match for CDP version 152, returning the closest version; found: 151; Please update to a Selenium version that supports CDP version 152
]]></system-err>
  </testcase>
  <testcase name="cartItemDecreaseTest" classname="AutomationExam.TestCases.CartTestCases" time="0.311">
    <system-err><![CDATA[Sept 10, 2026 9:27:13 AM org.openqa.selenium.devtools.CdpVersionFinder findNearestMatch
WARNING: Unable to find an exact match for CDP version 152, returning the closest version; found: 151; Please update to a Selenium version that supports CDP version 152
]]></system-err>
  </testcase>
</testsuite>