<?xml version="1.0" encoding="UTF-8"?>
<!-- Generated by org.testng.reporters.JUnitReportReporter -->
<testsuite hostname="Ethereal" failures="0" tests="9" name="AutomationExam.LoginCases.TestCases.LoginTestCases" time="15.249" errors="0" timestamp="2026-09-20T23:09:20 NPT" skipped="0">
  <testcase classname="AutomationExam.LoginCases.TestCases.LoginTestCases" name="ValidUsernameValidPassword" time="1.718"/>
  <testcase classname="AutomationExam.LoginCases.TestCases.LoginTestCases" name="ValidUsernameInvalidPassword" time="1.609"/>
  <testcase classname="AutomationExam.LoginCases.TestCases.LoginTestCases" name="ValidUsernameEmptyPassword" time="1.661"/>
  <testcase classname="AutomationExam.LoginCases.TestCases.LoginTestCases" name="InvalidUsernameValidPassword" time="1.832"/>
  <testcase classname="AutomationExam.LoginCases.TestCases.LoginTestCases" name="InvalidUsernameInvalidPassword" time="2.570"/>
  <testcase classname="AutomationExam.LoginCases.TestCases.LoginTestCases" name="InvalidUsernameEmptyPassword" time="1.453"/>
  <testcase classname="AutomationExam.LoginCases.TestCases.LoginTestCases" name="EmptyUsernameValidPassword" time="1.558"/>
  <testcase classname="AutomationExam.LoginCases.TestCases.LoginTestCases" name="EmptyUsernameInvalidPassword" time="1.455"/>
  <testcase classname="AutomationExam.LoginCases.TestCases.LoginTestCases" name="EmptyUsernameEmptyPassword" time="1.393"/>
</testsuite> <!-- AutomationExam.LoginCases.TestCases.LoginTestCases -->
