<?xml version="1.0" encoding="UTF-8"?>
<!-- Generated by org.testng.reporters.JUnitReportReporter -->
<testsuite hostname="Ethereal" failures="0" tests="9" name="AutomationExam.TestCases.LoginTestCases" time="12.581" errors="0" timestamp="2026-09-10T09:27:14 NPT" skipped="0">
  <testcase classname="AutomationExam.TestCases.LoginTestCases" name="ValidUsernameValidPassword" time="1.746"/>
  <testcase classname="AutomationExam.TestCases.LoginTestCases" name="ValidUsernameInvalidPassword" time="1.355"/>
  <testcase classname="AutomationExam.TestCases.LoginTestCases" name="ValidUsernameEmptyPassword" time="1.346"/>
  <testcase classname="AutomationExam.TestCases.LoginTestCases" name="InvalidUsernameValidPassword" time="1.396"/>
  <testcase classname="AutomationExam.TestCases.LoginTestCases" name="InvalidUsernameInvalidPassword" time="1.344"/>
  <testcase classname="AutomationExam.TestCases.LoginTestCases" name="InvalidUsernameEmptyPassword" time="1.400"/>
  <testcase classname="AutomationExam.TestCases.LoginTestCases" name="EmptyUsernameValidPassword" time="1.327"/>
  <testcase classname="AutomationExam.TestCases.LoginTestCases" name="EmptyUsernameInvalidPassword" time="1.388"/>
  <testcase classname="AutomationExam.TestCases.LoginTestCases" name="EmptyUsernameEmptyPassword" time="1.279"/>
</testsuite> <!-- AutomationExam.TestCases.LoginTestCases -->
