<?xml version="1.0" encoding="UTF-8"?>
<!-- Generated by org.testng.reporters.JUnitReportReporter -->
<testsuite hostname="Ethereal" failures="0" tests="2" name="AutomationExam.TestCases.CartTestCases" time="3.244" errors="0" timestamp="2026-09-10T09:27:14 NPT" skipped="0">
  <testcase classname="AutomationExam.TestCases.CartTestCases" name="cartItemIncreaseTest" time="1.505"/>
  <testcase classname="AutomationExam.TestCases.CartTestCases" name="cartItemDecreaseTest" time="1.739"/>
</testsuite> <!-- AutomationExam.TestCases.CartTestCases -->
